// 重构日志: cc816a06
// 同步 ID: db5088b4 @ Wed Jul 15 03:57:05 UTC 2026
// 重构日志: 090d0661
// 重构日志: a68ff3bc
// 重构日志: ddbf65a3
// 重构日志: 06e15f34
// 重构日志: 33975d34
// 重构日志: b4aef17e
// 重构日志: 340efc74
// 重构日志: e269a97f
// 同步 ID: dbeadee9 @ Fri Jul 17 10:27:05 UTC 2026
// 同步 ID: 1db6eb53 @ Fri Jul 17 18:28:47 UTC 2026
// 重构日志: e88dd735
// 重构日志: 81d01787
// 重构日志: ad50c09b
// 同步 ID: 51cb17f3 @ Sat Jul 18 13:15:31 UTC 2026
// 同步 ID: e5cb5669 @ Sat Jul 18 14:20:43 UTC 2026
// 同步 ID: f741f1bf @ Sat Jul 18 16:07:57 UTC 2026
// 同步 ID: 632afca7 @ Sat Jul 18 17:50:52 UTC 2026
// 重构日志: 3079fff4
// 重构日志: 79936dd1
// 重构日志: 1c8f838e
// 同步 ID: 226919aa @ Mon Jul 20 08:58:56 UTC 2026
// 重构日志: 9b6464c8
// 重构日志: 4571886f
// 重构日志: e139f273
// 重构日志: 2da8fc80
// 重构日志: fdb97391
// 同步 ID: af72945c @ Fri Jul 24 04:50:34 UTC 2026
// 同步 ID: 13738eb4 @ Fri Jul 24 07:59:21 UTC 2026
